<?xml version="1.0" encoding="UTF-8"?>
<!-- Generated by org.testng.reporters.JUnitXMLReporter -->
<testsuite hostname="Ozans-Air.ht.home" ignored="0" name="Command line test" tests="11" failures="0" timestamp="2023-01-20T14:48:36 EST" time="114.288" errors="0">
  <testcase name="validateFrontendTestingCards" time="2.801" classname="scripts.TechGlobalFrontendTestingHomeTest"/>
  <testcase name="validateFrontendTestingURL" time="0.68" classname="scripts.TechGlobalFrontendTestingHomeTest"/>
  <testcase name="validateTechGlobalLogo" time="0.211" classname="scripts.TechGlobalLogoTest"/>
  <testcase name="validateTechGlobalHeaderDropdown" time="0.12" classname="scripts.TechGlobalHeaderTest"/>
  <testcase name="validateTechGlobalHeaderDropdownOptions" time="0.51" classname="scripts.TechGlobalHeaderTest"/>
  <testcase name="checkBoxes" time="9.288" classname="scripts.TechGlobalCheckBoxTest"/>
  <testcase name="checkBoxes2" time="9.292" classname="scripts.TechGlobalCheckBoxTest"/>
  <testcase name="validateRedBox" time="35.949" classname="scripts.TechGlobalWaitsTest"/>
  <testcase name="dynamicElementsTest" time="1.06" classname="scripts.TechGlobalDynamicElementsTest"/>
  <testcase name="languageRadioButtons" time="7.323" classname="scripts.TechGlobalRadioButtonsTest"/>
  <testcase name="languageRadioButtons2" time="1.157" classname="scripts.TechGlobalRadioButtonsTest"/>
</testsuite> <!-- Command line test -->
