<?xml version="1.0" encoding="UTF-8"?>
<!-- Generated by org.testng.reporters.JUnitXMLReporter -->
<testsuite hostname="Ozans-Air.ht.home" ignored="0" name="Command line test" tests="5" failures="0" timestamp="2023-01-16T13:05:26 EST" time="18.803" errors="0">
  <testcase name="validateFrontendTestingCards" time="1.472" classname="scripts.TechGlobalFrontendTestingHomeTest"/>
  <testcase name="validateFrontendTestingURL" time="0.415" classname="scripts.TechGlobalFrontendTestingHomeTest"/>
  <testcase name="validateTechGlobalLogo" time="0.124" classname="scripts.TechGlobalLogoTest"/>
  <testcase name="validateTechGlobalHeaderDropdown" time="0.15" classname="scripts.TechGlobalHeaderTest"/>
  <testcase name="validateTechGlobalHeaderDropdownOptions" time="0.357" classname="scripts.TechGlobalHeaderTest"/>
</testsuite> <!-- Command line test -->
