<?xml version="1.0" encoding="UTF-8"?>
<testng-results skipped="0" failed="0" ignored="0" total="5" passed="5">
  <reporter-output>
  </reporter-output>
  <suite name="Command line suite" duration-ms="18803" started-at="2023-01-16T13:05:07 EST" finished-at="2023-01-16T13:05:26 EST">
    <groups>
    </groups>
    <test name="Command line test" duration-ms="18803" started-at="2023-01-16T13:05:07 EST" finished-at="2023-01-16T13:05:26 EST">
      <class name="scripts.TechGlobalFrontendTestingHomeTest">
        <test-method status="PASS" signature="setup()[pri:0, instance:scripts.TechGlobalFrontendTestingHomeTest@271053e1]" name="setup" is-config="true" duration-ms="4627" started-at="2023-01-16T13:05:07 EST" finished-at="2023-01-16T13:05:12 EST">
          <reporter-output>
          </reporter-output>
        </test-method> <!-- setup -->
        <test-method status="PASS" signature="setPage()[pri:0, instance:scripts.TechGlobalFrontendTestingHomeTest@271053e1]" name="setPage" is-config="true" duration-ms="2" started-at="2023-01-16T13:05:12 EST" finished-at="2023-01-16T13:05:12 EST">
          <reporter-output>
          </reporter-output>
        </test-method> <!-- setPage -->
        <test-method status="PASS" signature="validateFrontendTestingCards()[pri:1, instance:scripts.TechGlobalFrontendTestingHomeTest@271053e1]" name="validateFrontendTestingCards" duration-ms="1472" started-at="2023-01-16T13:05:12 EST" description="Validate Frontend Testing cards" finished-at="2023-01-16T13:05:13 EST">
          <reporter-output>
          </reporter-output>
        </test-method> <!-- validateFrontendTestingCards -->
        <test-method status="PASS" signature="teardown()[pri:0, instance:scripts.TechGlobalFrontendTestingHomeTest@271053e1]" name="teardown" is-config="true" duration-ms="162" started-at="2023-01-16T13:05:13 EST" finished-at="2023-01-16T13:05:14 EST">
          <reporter-output>
          </reporter-output>
        </test-method> <!-- teardown -->
        <test-method status="PASS" signature="setup()[pri:0, instance:scripts.TechGlobalFrontendTestingHomeTest@271053e1]" name="setup" is-config="true" duration-ms="2538" started-at="2023-01-16T13:05:14 EST" finished-at="2023-01-16T13:05:16 EST">
          <reporter-output>
          </reporter-output>
        </test-method> <!-- setup -->
        <test-method status="PASS" signature="setPage()[pri:0, instance:scripts.TechGlobalFrontendTestingHomeTest@271053e1]" name="setPage" is-config="true" duration-ms="2" started-at="2023-01-16T13:05:16 EST" finished-at="2023-01-16T13:05:16 EST">
          <reporter-output>
          </reporter-output>
        </test-method> <!-- setPage -->
        <test-method status="PASS" signature="validateFrontendTestingURL()[pri:2, instance:scripts.TechGlobalFrontendTestingHomeTest@271053e1]" name="validateFrontendTestingURL" duration-ms="415" started-at="2023-01-16T13:05:16 EST" description="Validate URL" finished-at="2023-01-16T13:05:17 EST">
          <reporter-output>
          </reporter-output>
        </test-method> <!-- validateFrontendTestingURL -->
        <test-method status="PASS" signature="teardown()[pri:0, instance:scripts.TechGlobalFrontendTestingHomeTest@271053e1]" name="teardown" is-config="true" duration-ms="139" started-at="2023-01-16T13:05:17 EST" finished-at="2023-01-16T13:05:17 EST">
          <reporter-output>
          </reporter-output>
        </test-method> <!-- teardown -->
      </class> <!-- scripts.TechGlobalFrontendTestingHomeTest -->
      <class name="scripts.TechGlobalLogoTest">
        <test-method status="PASS" signature="setup()[pri:0, instance:scripts.TechGlobalLogoTest@589838eb]" name="setup" is-config="true" duration-ms="2603" started-at="2023-01-16T13:05:17 EST" finished-at="2023-01-16T13:05:19 EST">
          <reporter-output>
          </reporter-output>
        </test-method> <!-- setup -->
        <test-method status="PASS" signature="validateTechGlobalLogo()[pri:0, instance:scripts.TechGlobalLogoTest@589838eb]" name="validateTechGlobalLogo" duration-ms="124" started-at="2023-01-16T13:05:19 EST" finished-at="2023-01-16T13:05:19 EST">
          <reporter-output>
          </reporter-output>
        </test-method> <!-- validateTechGlobalLogo -->
        <test-method status="PASS" signature="teardown()[pri:0, instance:scripts.TechGlobalLogoTest@589838eb]" name="teardown" is-config="true" duration-ms="154" started-at="2023-01-16T13:05:19 EST" finished-at="2023-01-16T13:05:20 EST">
          <reporter-output>
          </reporter-output>
        </test-method> <!-- teardown -->
      </class> <!-- scripts.TechGlobalLogoTest -->
      <class name="scripts.TechGlobalHeaderTest">
        <test-method status="PASS" signature="setup()[pri:0, instance:scripts.TechGlobalHeaderTest@42dafa95]" name="setup" is-config="true" duration-ms="2555" started-at="2023-01-16T13:05:20 EST" finished-at="2023-01-16T13:05:22 EST">
          <reporter-output>
          </reporter-output>
        </test-method> <!-- setup -->
        <test-method status="PASS" signature="validateTechGlobalHeaderDropdown()[pri:1, instance:scripts.TechGlobalHeaderTest@42dafa95]" name="validateTechGlobalHeaderDropdown" duration-ms="150" started-at="2023-01-16T13:05:22 EST" finished-at="2023-01-16T13:05:22 EST">
          <reporter-output>
          </reporter-output>
        </test-method> <!-- validateTechGlobalHeaderDropdown -->
        <test-method status="PASS" signature="teardown()[pri:0, instance:scripts.TechGlobalHeaderTest@42dafa95]" name="teardown" is-config="true" duration-ms="172" started-at="2023-01-16T13:05:22 EST" finished-at="2023-01-16T13:05:22 EST">
          <reporter-output>
          </reporter-output>
        </test-method> <!-- teardown -->
        <test-method status="PASS" signature="setup()[pri:0, instance:scripts.TechGlobalHeaderTest@42dafa95]" name="setup" is-config="true" duration-ms="3136" started-at="2023-01-16T13:05:22 EST" finished-at="2023-01-16T13:05:26 EST">
          <reporter-output>
          </reporter-output>
        </test-method> <!-- setup -->
        <test-method status="PASS" signature="validateTechGlobalHeaderDropdownOptions()[pri:2, instance:scripts.TechGlobalHeaderTest@42dafa95]" name="validateTechGlobalHeaderDropdownOptions" duration-ms="357" started-at="2023-01-16T13:05:26 EST" finished-at="2023-01-16T13:05:26 EST">
          <reporter-output>
          </reporter-output>
        </test-method> <!-- validateTechGlobalHeaderDropdownOptions -->
        <test-method status="PASS" signature="teardown()[pri:0, instance:scripts.TechGlobalHeaderTest@42dafa95]" name="teardown" is-config="true" duration-ms="147" started-at="2023-01-16T13:05:26 EST" finished-at="2023-01-16T13:05:26 EST">
          <reporter-output>
          </reporter-output>
        </test-method> <!-- teardown -->
      </class> <!-- scripts.TechGlobalHeaderTest -->
    </test> <!-- Command line test -->
  </suite> <!-- Command line suite -->
</testng-results>
