<?xml version="1.0" encoding="UTF-8"?>
<!-- Generated by org.testng.reporters.JUnitXMLReporter -->
<testsuite hostname="Ozans-Air.ht.home" ignored="2" name="All Functionalities" tests="14" failures="0" timestamp="2023-01-22T16:53:00 EST" time="154.473" errors="0">
  <testcase name="checkBoxes" time="9.63" classname="scripts.TechGlobalCheckBoxTest"/>
  <testcase name="checkBoxes2" time="9.552" classname="scripts.TechGlobalCheckBoxTest"/>
  <testcase name="dynamicElementsTest" time="1.141" classname="scripts.TechGlobalDynamicElementsTest"/>
  <testcase name="validateFrontendTestingURL" time="0.858" classname="scripts.TechGlobalFrontendTestingHomeTest"/>
  <testcase name="validateTechGlobalHeaderDropdownOptions" time="0.455" classname="scripts.TechGlobalHeaderTest"/>
  <testcase name="languageRadioButtons" time="7.698" classname="scripts.TechGlobalRadioButtonsTest"/>
  <testcase name="languageRadioButtons2" time="1.471" classname="scripts.TechGlobalRadioButtonsTest"/>
  <testcase name="validateBlueBox" time="36.24" classname="scripts.TechGlobalWaitsTest"/>
  <testcase name="selectDeliveryOption" time="5.224" classname="scripts.TechGlobalDropdownsTest"/>
  <testcase name="selectProductOption" time="5.144" classname="scripts.TechGlobalDropdownsTest"/>
  <testcase name="selectColorOption" time="5.124" classname="scripts.TechGlobalDropdownsTest"/>
  <testcase name="validateTheItemSelected" time="0.481" classname="scripts.TechGlobalDropdownsTest"/>
  <testcase name="validateAppleLink" time="5.144" classname="scripts.TechGlobalMultipleWindowsTest"/>
  <testcase name="validateLinkURL" time="7.357" classname="scripts.TechGlobalMultipleWindowsTest"/>
  <testcase name="validateFrontendTestingCards" time="0.0" classname="scripts.TechGlobalFrontendTestingHomeTest">
    <ignored/>
  </testcase> <!-- validateFrontendTestingCards -->
  <testcase name="validateTechGlobalHeaderDropdown" time="0.0" classname="scripts.TechGlobalHeaderTest">
    <ignored/>
  </testcase> <!-- validateTechGlobalHeaderDropdown -->
</testsuite> <!-- All Functionalities -->
